


ARM Macro Assembler    Page 1 


    1 00000000                 AREA             RESET, DATA, READONLY
    2 00000000                 EXPORT           __Vectors
    3 00000000         
    4 00000000         __Vectors
    5 00000000 40001000        DCD              0x40001000  ;stack pointer valu
                                                            e when stack is emp
                                                            ty
    6 00000004 00000000        DCD              Reset_Handler ; reset vector
    7 00000008         
    8 00000008                 ALIGN
    9 00000008                 AREA             mycode, CODE, READONLY
   10 00000000                 ENTRY
   11 00000000                 EXPORT           Reset_Handler
   12 00000000         
   13 00000000         Reset_Handler
   14 00000000 4815            LDR              R0,= VAL1
   15 00000002 4916            LDR              R1,= VAL2
   16 00000004 4A16            LDR              R2,= RES
   17 00000006 F04F 0304       MOV              R3,#4
   18 0000000A F04F 0400       MOV              R4,#0
   19 0000000E F384 8803       MSR              xPSR,R4
   20 00000012 F850 4B04 
                       BACK    LDR              R4,[R0],#4
   21 00000016 F851 5B04       LDR              R5, [R1], #4
   22 0000001A EB54 0605       ADCS             R6,R4,R5
   23 0000001E F842 6B04       STR              R6, [R2], #4
   24 00000022 F1A3 0301       SUB              R3, #1
   25 00000026 F093 0F00       TEQ              R3, #0
   26 0000002A D1F2            BNE              BACK
   27 0000002C F149 0900       ADC              R9,#0
   28 00000030 F8C2 9000       STR              R9,[R2]
   29 00000034 E7FE    STOP    B                STOP
   30 00000036 00 00 92345678 
              97654321 
              98273645 
              95362718 VAL1    DCD              0x92345678, 0x97654321, 0x98273
645, 0x95362718
   31 00000048 95362718 
              98273645 
              97654321 
              92345678 VAL2    DCD              0x95362718, 0x98273645, 0x97654
321, 0x92345678
   32 00000058 00000000 
              00000000 
              00000000         AREA             data, DATA, READWRITE
   33 00000000 00000000 
              00000000 
              00000000 
              00000000 
              00000000 RES     DCD              0,0,0,0,0
   34 00000014                 END
Command Line: --debug --xref --cpu=Cortex-M3 --apcs=interwork --depend=Lab2Q2.d
 -oLab2Q2.o -IC:\Keil\ARM\RV31\INC -IC:\Keil\ARM\CMSIS\Include -IC:\Keil\ARM\In
c\NXP\LPC17xx --predefine="__EVAL SETA 1" --list=Lab2Q2.lst Lab2Q2.asm



ARM Macro Assembler    Page 1 Alphabetic symbol ordering
Relocatable symbols

RESET 00000000

Symbol: RESET
   Definitions
      At line 1 in file Lab2Q2.asm
   Uses
      None
Comment: RESET unused
__Vectors 00000000

Symbol: __Vectors
   Definitions
      At line 4 in file Lab2Q2.asm
   Uses
      At line 2 in file Lab2Q2.asm
Comment: __Vectors used once
2 symbols



ARM Macro Assembler    Page 1 Alphabetic symbol ordering
Relocatable symbols

BACK 00000012

Symbol: BACK
   Definitions
      At line 20 in file Lab2Q2.asm
   Uses
      At line 26 in file Lab2Q2.asm
Comment: BACK used once
Reset_Handler 00000000

Symbol: Reset_Handler
   Definitions
      At line 13 in file Lab2Q2.asm
   Uses
      At line 6 in file Lab2Q2.asm
      At line 11 in file Lab2Q2.asm

STOP 00000034

Symbol: STOP
   Definitions
      At line 29 in file Lab2Q2.asm
   Uses
      At line 29 in file Lab2Q2.asm
Comment: STOP used once
VAL1 00000038

Symbol: VAL1
   Definitions
      At line 30 in file Lab2Q2.asm
   Uses
      At line 14 in file Lab2Q2.asm
Comment: VAL1 used once
VAL2 00000048

Symbol: VAL2
   Definitions
      At line 31 in file Lab2Q2.asm
   Uses
      At line 15 in file Lab2Q2.asm
Comment: VAL2 used once
mycode 00000000

Symbol: mycode
   Definitions
      At line 9 in file Lab2Q2.asm
   Uses
      None
Comment: mycode unused
6 symbols



ARM Macro Assembler    Page 1 Alphabetic symbol ordering
Relocatable symbols

RES 00000000

Symbol: RES
   Definitions
      At line 33 in file Lab2Q2.asm
   Uses
      At line 16 in file Lab2Q2.asm
Comment: RES used once
data 00000000

Symbol: data
   Definitions
      At line 32 in file Lab2Q2.asm
   Uses
      None
Comment: data unused
2 symbols
343 symbols in table
