


ARM Macro Assembler    Page 1 


    1 00000000                 AREA             RESET, DATA, READONLY
    2 00000000                 EXPORT           __Vectors
    3 00000000         
    4 00000000         __Vectors
    5 00000000 10000100        DCD              0x10000100  ;stack pointer valu
                                                            e when stack is emp
                                                            ty
    6 00000004 00000000        DCD              Reset_Handler ; reset vector
    7 00000008         
    8 00000008                 ALIGN
    9 00000008                 AREA             mycode, CODE, READONLY
   10 00000000                 ENTRY
   11 00000000                 EXPORT           Reset_Handler
   12 00000000         
   13 00000000         Reset_Handler
   14 00000000 4806            LDR              R0,= VAL
   15 00000002 4B07            LDR              R3,= RES
   16 00000004 6801            LDR              R1,[R0]
   17 00000006 FB01 1201       MLA              R2,R1,R1,R1
   18 0000000A F102 0201       ADD              R2,#0x1
   19 0000000E EA4F 0262       ASR              R2,#0x1
   20 00000012 601A            STR              R2,[R3]
   21 00000014 E7FE    STOP    B                STOP
   22 00000016 00 00 0000000B 
                       VAL     DCD              0xB
   23 0000001C 00000000 
              00000000         AREA             data, DATA, READWRITE
   24 00000000 00000000 
                       RES     DCD              0
   25 00000004                 END
Command Line: --debug --xref --cpu=Cortex-M3 --apcs=interwork --depend=Lab3Q1.d
 -oLab3Q1.o -IC:\Keil\ARM\RV31\INC -IC:\Keil\ARM\CMSIS\Include -IC:\Keil\ARM\In
c\NXP\LPC17xx --predefine="__EVAL SETA 1" --list=Lab3Q1.lst Lab3Q1.asm



ARM Macro Assembler    Page 1 Alphabetic symbol ordering
Relocatable symbols

RESET 00000000

Symbol: RESET
   Definitions
      At line 1 in file Lab3Q1.asm
   Uses
      None
Comment: RESET unused
__Vectors 00000000

Symbol: __Vectors
   Definitions
      At line 4 in file Lab3Q1.asm
   Uses
      At line 2 in file Lab3Q1.asm
Comment: __Vectors used once
2 symbols



ARM Macro Assembler    Page 1 Alphabetic symbol ordering
Relocatable symbols

Reset_Handler 00000000

Symbol: Reset_Handler
   Definitions
      At line 13 in file Lab3Q1.asm
   Uses
      At line 6 in file Lab3Q1.asm
      At line 11 in file Lab3Q1.asm

STOP 00000014

Symbol: STOP
   Definitions
      At line 21 in file Lab3Q1.asm
   Uses
      At line 21 in file Lab3Q1.asm
Comment: STOP used once
VAL 00000018

Symbol: VAL
   Definitions
      At line 22 in file Lab3Q1.asm
   Uses
      At line 14 in file Lab3Q1.asm
Comment: VAL used once
mycode 00000000

Symbol: mycode
   Definitions
      At line 9 in file Lab3Q1.asm
   Uses
      None
Comment: mycode unused
4 symbols



ARM Macro Assembler    Page 1 Alphabetic symbol ordering
Relocatable symbols

RES 00000000

Symbol: RES
   Definitions
      At line 24 in file Lab3Q1.asm
   Uses
      At line 15 in file Lab3Q1.asm
Comment: RES used once
data 00000000

Symbol: data
   Definitions
      At line 23 in file Lab3Q1.asm
   Uses
      None
Comment: data unused
2 symbols
341 symbols in table
