


ARM Macro Assembler    Page 1 


    1 00000000                 AREA             RESET, DATA, READONLY
    2 00000000                 EXPORT           __Vectors
    3 00000000         
    4 00000000         __Vectors
    5 00000000 10000100        DCD              0x10000100  ;stack pointer valu
                                                            e when stack is emp
                                                            ty
    6 00000004 00000000        DCD              Reset_Handler ; reset vector
    7 00000008         
    8 00000008                 ALIGN
    9 00000008                 AREA             mycode, CODE, READONLY
   10 00000000                 ENTRY
   11 00000000                 EXPORT           Reset_Handler
   12 00000000         
   13 00000000         Reset_Handler
   14 00000000 4810            LDR              R0,=Hex
   15 00000002 6800            LDR              R0,[R0]
   16 00000004 F04F 030A       MOV              R3,#0xA
   17 00000008 F04F 0600       MOV              R6,#0x0
   18 0000000C 280A            CMP              R0,#0xA
   19 0000000E D302            BLO              EXIT
   20 00000010 F000 F806 
                       BACK    BL               DIVIDE
   21 00000014 280A            CMP              R0,#0xA
   22 00000016 D2FB    EXIT    BHS              BACK
   23 00000018 E7FE    STOP    B                STOP
   24 0000001A 00 00 000000A1 
                       Hex     DCD              0xA1
   25 00000020 F04F 0400 
                       DIVIDE  MOV              R4, #0x0
   26 00000024 4298    UP      CMP              R0,R3
   27 00000026 D304            BLO              NEXT
   28 00000028 EBA0 0003       SUB              R0,R3
   29 0000002C F104 0401       ADD              R4,#0x1
   30 00000030 E7F8            B                UP
   31 00000032 FA00 F006 
                       NEXT    LSL              R0,R6
   32 00000036 EA45 0500       ORR              R5,R0
   33 0000003A F106 0604       ADD              R6,#0x4
   34 0000003E 4620            MOV              R0,R4
   35 00000040 4770            BX               LR
   36 00000042 00 00 00000000  AREA             data, DATA, READWRITE
   37 00000000                 END
Command Line: --debug --xref --cpu=Cortex-M3 --apcs=interwork --depend=Lab4Q3.d
 -oLab4Q3.o -IC:\Keil\ARM\RV31\INC -IC:\Keil\ARM\CMSIS\Include -IC:\Keil\ARM\In
c\NXP\LPC17xx --predefine="__EVAL SETA 1" --list=Lab4Q3.lst Lab4Q3.asm



ARM Macro Assembler    Page 1 Alphabetic symbol ordering
Relocatable symbols

RESET 00000000

Symbol: RESET
   Definitions
      At line 1 in file Lab4Q3.asm
   Uses
      None
Comment: RESET unused
__Vectors 00000000

Symbol: __Vectors
   Definitions
      At line 4 in file Lab4Q3.asm
   Uses
      At line 2 in file Lab4Q3.asm
Comment: __Vectors used once
2 symbols



ARM Macro Assembler    Page 1 Alphabetic symbol ordering
Relocatable symbols

BACK 00000010

Symbol: BACK
   Definitions
      At line 20 in file Lab4Q3.asm
   Uses
      At line 22 in file Lab4Q3.asm
Comment: BACK used once
DIVIDE 00000020

Symbol: DIVIDE
   Definitions
      At line 25 in file Lab4Q3.asm
   Uses
      At line 20 in file Lab4Q3.asm
Comment: DIVIDE used once
EXIT 00000016

Symbol: EXIT
   Definitions
      At line 22 in file Lab4Q3.asm
   Uses
      At line 19 in file Lab4Q3.asm
Comment: EXIT used once
Hex 0000001C

Symbol: Hex
   Definitions
      At line 24 in file Lab4Q3.asm
   Uses
      At line 14 in file Lab4Q3.asm
Comment: Hex used once
NEXT 00000032

Symbol: NEXT
   Definitions
      At line 31 in file Lab4Q3.asm
   Uses
      At line 27 in file Lab4Q3.asm
Comment: NEXT used once
Reset_Handler 00000000

Symbol: Reset_Handler
   Definitions
      At line 13 in file Lab4Q3.asm
   Uses
      At line 6 in file Lab4Q3.asm
      At line 11 in file Lab4Q3.asm

STOP 00000018

Symbol: STOP
   Definitions
      At line 23 in file Lab4Q3.asm
   Uses
      At line 23 in file Lab4Q3.asm
Comment: STOP used once
UP 00000024




ARM Macro Assembler    Page 2 Alphabetic symbol ordering
Relocatable symbols

Symbol: UP
   Definitions
      At line 26 in file Lab4Q3.asm
   Uses
      At line 30 in file Lab4Q3.asm
Comment: UP used once
mycode 00000000

Symbol: mycode
   Definitions
      At line 9 in file Lab4Q3.asm
   Uses
      None
Comment: mycode unused
9 symbols



ARM Macro Assembler    Page 1 Alphabetic symbol ordering
Relocatable symbols

data 00000000

Symbol: data
   Definitions
      At line 36 in file Lab4Q3.asm
   Uses
      None
Comment: data unused
1 symbol
345 symbols in table
