


ARM Macro Assembler    Page 1 


    1 00000000                 AREA             RESET, DATA, READONLY
    2 00000000                 EXPORT           __Vectors
    3 00000000         
    4 00000000         __Vectors
    5 00000000 10000000        DCD              0x10000000
    6 00000004 00000000        DCD              Reset_Handler
    7 00000008                 ALIGN
    8 00000008                 AREA             mycode, CODE, READONLY
    9 00000000                 ENTRY
   10 00000000                 EXPORT           Reset_Handler
   11 00000000         
   12 00000000         Reset_Handler
   13 00000000 4812            LDR              R0, =SRC    ; Reading input
   14 00000002 F04F 0328       MOV              R3, #40     ; Counter as 40
   15 00000006 F04F 0900       MOV              R9, #0      ; R9 = i;
   16 0000000A F1A3 0404       SUB              R4,R3,#4
   17 0000000E 45A1    OUTER   CMP              R9,R4       ; if(i<n-1)
   18 00000010 D81B            BHI              EXIT
   19 00000012 46C8            MOV              R8,R9       ; R8 = min_index
   20 00000014 F109 0704       ADD              R7,R9,#4    ; R7 = j, j=i+1
   21 00000018 429F    INNER   CMP              R7,R3
   22 0000001A D80B            BHI              SWAP
   23 0000001C F850 A007       LDR              R10, [R0,R7]
   24 00000020 F850 B008       LDR              R11, [R0,R8]
   25 00000024 45DA            CMP              R10,R11
   26 00000026 BF88 3704       ADDHI            R7,#4
   27 0000002A D8F5            BHI              INNER
   28 0000002C 46B8            MOV              R8,R7
   29 0000002E F107 0704       ADD              R7,#4
   30 00000032 E7F1            B                INNER
   31 00000034 F850 5008 
                       SWAP    LDR              R5,[R0,R8]
   32 00000038 F850 6009       LDR              R6, [R0,R9]
   33 0000003C F840 6008       STR              R6,[R0,R8]
   34 00000040 F840 5009       STR              R5,[R0,R9]
   35 00000044 F109 0904       ADD              R9,#4
   36 00000048 E7E1            B                OUTER
   37 0000004A         EXIT
   38 0000004A E7FE    STOP    B                STOP
   39 0000004C 00000000        AREA             DATASEG, DATA, READWRITE
   40 00000000 00000000 
              00000000 
              00000000 
              00000000 
              00000000 
              00000000 
              00000000 
              00000000 
              00000000 
              00000000 SRC     DCD              0,0,0,0,0,0,0,0,0,0
   41 00000028                 END
Command Line: --debug --xref --cpu=Cortex-M3 --apcs=interwork --depend=Lab5Q1.d
 -oLab5Q1.o -IC:\Keil\ARM\RV31\INC -IC:\Keil\ARM\CMSIS\Include -IC:\Keil\ARM\In
c\NXP\LPC17xx --predefine="__EVAL SETA 1" --list=Lab5Q1.lst Lab5Q1.asm



ARM Macro Assembler    Page 1 Alphabetic symbol ordering
Relocatable symbols

RESET 00000000

Symbol: RESET
   Definitions
      At line 1 in file Lab5Q1.asm
   Uses
      None
Comment: RESET unused
__Vectors 00000000

Symbol: __Vectors
   Definitions
      At line 4 in file Lab5Q1.asm
   Uses
      At line 2 in file Lab5Q1.asm
Comment: __Vectors used once
2 symbols



ARM Macro Assembler    Page 1 Alphabetic symbol ordering
Relocatable symbols

EXIT 0000004A

Symbol: EXIT
   Definitions
      At line 37 in file Lab5Q1.asm
   Uses
      At line 18 in file Lab5Q1.asm
Comment: EXIT used once
INNER 00000018

Symbol: INNER
   Definitions
      At line 21 in file Lab5Q1.asm
   Uses
      At line 27 in file Lab5Q1.asm
      At line 30 in file Lab5Q1.asm

OUTER 0000000E

Symbol: OUTER
   Definitions
      At line 17 in file Lab5Q1.asm
   Uses
      At line 36 in file Lab5Q1.asm
Comment: OUTER used once
Reset_Handler 00000000

Symbol: Reset_Handler
   Definitions
      At line 12 in file Lab5Q1.asm
   Uses
      At line 6 in file Lab5Q1.asm
      At line 10 in file Lab5Q1.asm

STOP 0000004A

Symbol: STOP
   Definitions
      At line 38 in file Lab5Q1.asm
   Uses
      At line 38 in file Lab5Q1.asm
Comment: STOP used once
SWAP 00000034

Symbol: SWAP
   Definitions
      At line 31 in file Lab5Q1.asm
   Uses
      At line 22 in file Lab5Q1.asm
Comment: SWAP used once
mycode 00000000

Symbol: mycode
   Definitions
      At line 8 in file Lab5Q1.asm
   Uses
      None
Comment: mycode unused
7 symbols



ARM Macro Assembler    Page 1 Alphabetic symbol ordering
Relocatable symbols

DATASEG 00000000

Symbol: DATASEG
   Definitions
      At line 39 in file Lab5Q1.asm
   Uses
      None
Comment: DATASEG unused
SRC 00000000

Symbol: SRC
   Definitions
      At line 40 in file Lab5Q1.asm
   Uses
      At line 13 in file Lab5Q1.asm
Comment: SRC used once
2 symbols
344 symbols in table
